生成启动时间为 2018/9/7 14:08:18。
     1>项目“C:\Users\wangliangxun\Desktop\svmtest\03SVM_Linear_indivisibility\03SVM_Linear_indivisibility\03SVM_Linear_indivisibility.vcxproj”在节点 2 上(build 个目标)。
     1>PrepareForBuild:
         正在创建目录“C:\Users\wangliangxun\Desktop\svmtest\03SVM_Linear_indivisibility\Debug\”。
       InitializeBuildStatus:
         正在创建“Debug\03SVM_Linear_indivisibility.unsuccessfulbuild”，因为已指定“AlwaysCreate”。
       ClCompile:
         d:\visual_stadio_2010\VC\bin\CL.exe /c /ZI /nologo /W3 /WX- /Od /Oy- /D _MBCS /Gm /EHsc /RTC1 /MDd /GS /fp:precise /Zc:wchar_t /Zc:forScope /Fo"Debug\\" /Fd"Debug\vc100.pdb" /Gd /TP /analyze- /errorReport:prompt SVM_Linear_indivisibility.cpp
         SVM_Linear_indivisibility.cpp
       Link:
         d:\visual_stadio_2010\VC\bin\link.exe /ERRORREPORT:PROMPT /OUT:"C:\Users\wangliangxun\Desktop\svmtest\03SVM_Linear_indivisibility\Debug\03SVM_Linear_indivisibility.exe" /NOLOGO opencv_calib3d2410d.lib opencv_contrib2410d.lib opencv_core2410d.lib opencv_features2d2410d.lib opencv_flann2410d.lib opencv_gpu2410d.lib opencv_highgui2410d.lib opencv_imgproc2410d.lib opencv_legacy2410d.lib opencv_ml2410d.lib opencv_nonfree2410d.lib opencv_objdetect2410d.lib opencv_ocl2410d.lib opencv_photo2410d.lib opencv_stitching2410d.lib opencv_superres2410d.lib opencv_video2410d.lib opencv_videostab2410d.lib opencv_calib3d2410.lib opencv_contrib2410.lib opencv_core2410.lib opencv_features2d2410.lib opencv_flann2410.lib opencv_gpu2410.lib opencv_highgui2410.lib opencv_imgproc2410.lib opencv_legacy2410.lib opencv_ml2410.lib opencv_nonfree2410.lib opencv_objdetect2410.lib opencv_ocl2410.lib opencv_photo2410.lib opencv_stitching2410.lib opencv_superres2410.lib opencv_ts2410.lib opencv_video2410.lib opencv_videostab2410.lib kernel32.lib user32.lib gdi32.lib winspool.lib comdlg32.lib advapi32.lib shell32.lib ole32.lib oleaut32.lib uuid.lib odbc32.lib odbccp32.lib /MANIFEST /ManifestFile:"Debug\03SVM_Linear_indivisibility.exe.intermediate.manifest" /MANIFESTUAC:"level='asInvoker' uiAccess='false'" /DEBUG /PDB:"C:\Users\wangliangxun\Desktop\svmtest\03SVM_Linear_indivisibility\Debug\03SVM_Linear_indivisibility.pdb" /TLBID:1 /DYNAMICBASE /NXCOMPAT /IMPLIB:"C:\Users\wangliangxun\Desktop\svmtest\03SVM_Linear_indivisibility\Debug\03SVM_Linear_indivisibility.lib" /MACHINE:X86 Debug\SVM_Linear_indivisibility.obj
         03SVM_Linear_indivisibility.vcxproj -> C:\Users\wangliangxun\Desktop\svmtest\03SVM_Linear_indivisibility\Debug\03SVM_Linear_indivisibility.exe
       Manifest:
         C:\Program Files (x86)\Microsoft SDKs\Windows\v7.0A\bin\mt.exe /nologo /verbose /outputresource:"C:\Users\wangliangxun\Desktop\svmtest\03SVM_Linear_indivisibility\Debug\03SVM_Linear_indivisibility.exe;#1" /manifest Debug\03SVM_Linear_indivisibility.exe.intermediate.manifest
       FinalizeBuildStatus:
         正在删除文件“Debug\03SVM_Linear_indivisibility.unsuccessfulbuild”。
         正在对“Debug\03SVM_Linear_indivisibility.lastbuildstate”执行 Touch 任务。
     1>已完成生成项目“C:\Users\wangliangxun\Desktop\svmtest\03SVM_Linear_indivisibility\03SVM_Linear_indivisibility\03SVM_Linear_indivisibility.vcxproj”(build 个目标)的操作。

生成成功。

已用时间 00:00:07.05
